<?xml version="1.0" encoding="UTF-8"?>
<!-- Generated by org.testng.reporters.JUnitXMLReporter -->
<testsuite ignored="0" hostname="DESKTOP-B58JVGG" failures="0" tests="7" name="ForgotPasswordWithTrustedMobile" time="34.827" errors="0" timestamp="2022-05-11T11:05:28 IST">
  <testcase classname="com.shakticoin.tests.ForgotPassTrustedMobileTest" name="sendEmailOTP" time="1.854"/>
  <testcase classname="com.shakticoin.tests.ForgotPassTrustedMobileTest" name="verifyEmailOTP" time="6.047"/>
  <testcase classname="com.shakticoin.tests.ForgotPassTrustedMobileTest" name="useTrustedMobile" time="2.284"/>
  <testcase classname="com.shakticoin.tests.ForgotPassTrustedMobileTest" name="verifyMobileOTP" time="6.019"/>
  <testcase classname="com.shakticoin.tests.ForgotPassTrustedMobileTest" name="skipQA" time="3.094"/>
  <testcase classname="com.shakticoin.tests.ForgotPassTrustedMobileTest" name="verifyPin" time="0.685"/>
  <testcase classname="com.shakticoin.tests.ForgotPassTrustedMobileTest" name="changePassword" time="1.331"/>
</testsuite> <!-- ForgotPasswordWithTrustedMobile -->
