<?xml version="1.0" encoding="UTF-8"?>
<!-- Generated by org.testng.reporters.JUnitXMLReporter -->
<testsuite ignored="0" hostname="DESKTOP-B58JVGG" failures="0" tests="6" name="ForgotPassword" time="53.902" errors="0" timestamp="2022-05-11T11:04:51 IST">
  <testcase classname="com.shakticoin.tests.ForgotPasswordTest" name="sendEmailOTP" time="24.811"/>
  <testcase classname="com.shakticoin.tests.ForgotPasswordTest" name="verifyEmailOTP" time="7.721"/>
  <testcase classname="com.shakticoin.tests.ForgotPasswordTest" name="sendMobileOTP" time="1.151"/>
  <testcase classname="com.shakticoin.tests.ForgotPasswordTest" name="verifyMobileOTP" time="6.055"/>
  <testcase classname="com.shakticoin.tests.ForgotPasswordTest" name="verifyPin" time="1.793"/>
  <testcase classname="com.shakticoin.tests.ForgotPasswordTest" name="changePassword" time="1.345"/>
</testsuite> <!-- ForgotPassword -->
