<?xml version="1.0" encoding="UTF-8"?>
<!-- Generated by org.testng.reporters.JUnitXMLReporter -->
<testsuite ignored="0" hostname="DESKTOP-B58JVGG" failures="0" tests="12" name="OnBoardTest" time="43.978" errors="0" timestamp="2022-05-14T11:26:28 IST">
  <testcase classname="com.shakticoin.tests.OnBoardTest" name="verifySignupLinkTest" time="0.193"/>
  <testcase classname="com.shakticoin.tests.OnBoardTest" name="verifyLoginPageTitleTest" time="0.022"/>
  <testcase classname="com.shakticoin.tests.OnBoardTest" name="clickSignup" time="0.104"/>
  <testcase classname="com.shakticoin.tests.OnBoardTest" name="sendEmailOTP" time="5.371"/>
  <testcase classname="com.shakticoin.tests.OnBoardTest" name="validateEmailOTP" time="8.161"/>
  <testcase classname="com.shakticoin.tests.OnBoardTest" name="inputMobileNumber" time="0.004">
    <skipped/>
  </testcase> <!-- inputMobileNumber -->
  <testcase classname="com.shakticoin.tests.OnBoardTest" name="confirmMobile" time="1.194"/>
  <testcase classname="com.shakticoin.tests.OnBoardTest" name="validateMobile" time="7.98"/>
  <testcase classname="com.shakticoin.tests.OnBoardTest" name="login" time="3.362"/>
  <testcase classname="com.shakticoin.tests.OnBoardTest" name="setPassword" time="0.002">
    <skipped/>
  </testcase> <!-- setPassword -->
  <testcase classname="com.shakticoin.tests.OnBoardTest" name="setPin" time="0.001">
    <skipped/>
  </testcase> <!-- setPin -->
  <testcase classname="com.shakticoin.tests.OnBoardTest" name="confirmPassword" time="0.001">
    <skipped/>
  </testcase> <!-- confirmPassword -->
</testsuite> <!-- OnBoardTest -->
