<?xml version="1.0" encoding="UTF-8"?>
<!-- Generated by org.testng.reporters.JUnitXMLReporter -->
<testsuite ignored="0" hostname="DESKTOP-B58JVGG" failures="0" tests="9" name="AddSecurityQA" time="11.605" errors="0" timestamp="2022-05-30T13:07:14 IST">
  <testcase classname="com.shakticoin.tests.PassRecAddSecurityQuestionsTest" name="selectSetPassRecoveryOption" time="5.164"/>
  <testcase classname="com.shakticoin.tests.PassRecAddSecurityQuestionsTest" name="clickSecirtyQA" time="2.092"/>
  <testcase classname="com.shakticoin.tests.PassRecAddSecurityQuestionsTest" name="addSecurityQuestions" time="0.414"/>
  <testcase classname="com.shakticoin.tests.PassRecAddSecurityQuestionsTest" name="addSecurityQuestions" time="0.355"/>
  <testcase classname="com.shakticoin.tests.PassRecAddSecurityQuestionsTest" name="addSecurityQuestions" time="0.42"/>
  <testcase classname="com.shakticoin.tests.PassRecAddSecurityQuestionsTest" name="addSecurityQuestions" time="0.36"/>
  <testcase classname="com.shakticoin.tests.PassRecAddSecurityQuestionsTest" name="addSecurityQuestions" time="0.425"/>
  <testcase classname="com.shakticoin.tests.PassRecAddSecurityQuestionsTest" name="submitQuestions" time="0.093"/>
  <testcase classname="com.shakticoin.tests.PassRecAddSecurityQuestionsTest" name="confirmPassowrd" time="2.251"/>
</testsuite> <!-- AddSecurityQA -->
