<?xml version="1.0" encoding="UTF-8"?>
<!-- Generated by org.testng.reporters.JUnitXMLReporter -->
<testsuite ignored="0" hostname="DESKTOP-B58JVGG" failures="0" tests="6" name="AddTrustedEmail" time="13.809" errors="0" timestamp="2022-05-30T13:07:03 IST">
  <testcase classname="com.shakticoin.tests.PassRecAddTrustedEmailTest" name="selectSetPassRecoveryOption" time="5.178"/>
  <testcase classname="com.shakticoin.tests.PassRecAddTrustedEmailTest" name="clickEmailVerification" time="0.092"/>
  <testcase classname="com.shakticoin.tests.PassRecAddTrustedEmailTest" name="clickAddtrustedEmailButton" time="0.075"/>
  <testcase classname="com.shakticoin.tests.PassRecAddTrustedEmailTest" name="sendEmailOTP" time="0.231"/>
  <testcase classname="com.shakticoin.tests.PassRecAddTrustedEmailTest" name="validateOTP" time="6.028"/>
  <testcase classname="com.shakticoin.tests.PassRecAddTrustedEmailTest" name="confirmPassowrd" time="2.182"/>
</testsuite> <!-- AddTrustedEmail -->
