<?xml version="1.0" encoding="UTF-8"?>
<!-- Generated by org.testng.reporters.JUnitXMLReporter -->
<testsuite ignored="0" hostname="DESKTOP-B58JVGG" failures="0" tests="6" name="AddTrustedMobile" time="14.422" errors="0" timestamp="2022-05-30T13:06:49 IST">
  <testcase classname="com.shakticoin.tests.PassRecAddTrustedMobileTest" name="selectSetPassRecoveryOption" time="5.257"/>
  <testcase classname="com.shakticoin.tests.PassRecAddTrustedMobileTest" name="clickSMSVerification" time="0.093"/>
  <testcase classname="com.shakticoin.tests.PassRecAddTrustedMobileTest" name="clickAddtrustedMobileButton" time="0.113"/>
  <testcase classname="com.shakticoin.tests.PassRecAddTrustedMobileTest" name="sendMobileOTP" time="0.208"/>
  <testcase classname="com.shakticoin.tests.PassRecAddTrustedMobileTest" name="validateOTP" time="6.525"/>
  <testcase classname="com.shakticoin.tests.PassRecAddTrustedMobileTest" name="confirmPassowrd" time="2.205"/>
</testsuite> <!-- AddTrustedMobile -->
