<?xml version="1.0" encoding="UTF-8"?>
<!-- Generated by org.testng.reporters.JUnitXMLReporter -->
<testsuite ignored="0" hostname="DESKTOP-B58JVGG" failures="0" tests="12" name="OnBoardTest" time="75.327" errors="0" timestamp="2022-05-30T13:06:34 IST">
  <testcase classname="com.shakticoin.tests.OnBoardTest" name="verifySignupLinkTest" time="26.124"/>
  <testcase classname="com.shakticoin.tests.OnBoardTest" name="verifyLoginPageTitleTest" time="0.035"/>
  <testcase classname="com.shakticoin.tests.OnBoardTest" name="clickSignup" time="0.112"/>
  <testcase classname="com.shakticoin.tests.OnBoardTest" name="sendEmailOTP" time="5.244"/>
  <testcase classname="com.shakticoin.tests.OnBoardTest" name="validateEmailOTP" time="8.532"/>
  <testcase classname="com.shakticoin.tests.OnBoardTest" name="inputMobileNumber" time="4.628"/>
  <testcase classname="com.shakticoin.tests.OnBoardTest" name="confirmMobile" time="0.004">
    <skipped/>
  </testcase> <!-- confirmMobile -->
  <testcase classname="com.shakticoin.tests.OnBoardTest" name="validateMobile" time="8.053"/>
  <testcase classname="com.shakticoin.tests.OnBoardTest" name="login" time="0.001">
    <skipped/>
  </testcase> <!-- login -->
  <testcase classname="com.shakticoin.tests.OnBoardTest" name="setPassword" time="2.408"/>
  <testcase classname="com.shakticoin.tests.OnBoardTest" name="setPin" time="6.592"/>
  <testcase classname="com.shakticoin.tests.OnBoardTest" name="confirmPassword" time="2.192"/>
</testsuite> <!-- OnBoardTest -->
