<?xml version="1.0" encoding="UTF-8"?>
<!-- Generated by org.testng.reporters.JUnitXMLReporter -->
<testsuite ignored="0" hostname="DESKTOP-B58JVGG" failures="0" tests="5" name="UpdatePin" time="12.119" errors="0" timestamp="2022-05-30T13:07:27 IST">
  <testcase classname="com.shakticoin.tests.PassRecUpdatePinTest" name="selectSetPassRecoveryOption" time="5.208"/>
  <testcase classname="com.shakticoin.tests.PassRecUpdatePinTest" name="clickUpdatePin" time="0.105"/>
  <testcase classname="com.shakticoin.tests.PassRecUpdatePinTest" name="updatePin" time="1.335"/>
  <testcase classname="com.shakticoin.tests.PassRecUpdatePinTest" name="confirmPassowrd" time="2.196"/>
  <testcase classname="com.shakticoin.tests.PassRecUpdatePinTest" name="logout" time="3.159"/>
</testsuite> <!-- UpdatePin -->
