<?xml version="1.0" encoding="UTF-8"?>
<!-- Generated by org.testng.reporters.JUnitXMLReporter -->
<testsuite hostname="LAPTOP-4JR5SL1G" ignored="0" name="JoinSxe" tests="4" failures="0" timestamp="2022-05-07T21:15:08 IST" time="27.225" errors="0">
  <testcase name="clickJoinSXE" time="0.086" classname="com.shakticoin.tests.JoinSxeTest"/>
  <testcase name="sendEmailOTP" time="0.657" classname="com.shakticoin.tests.JoinSxeTest"/>
  <testcase name="verifyEmailOTP" time="8.086" classname="com.shakticoin.tests.JoinSxeTest"/>
  <testcase name="downloadScript" time="18.339" classname="com.shakticoin.tests.JoinSxeTest"/>
</testsuite> <!-- JoinSxe -->
