<?xml version="1.0" encoding="UTF-8"?>
<!-- Generated by org.testng.reporters.JUnitXMLReporter -->
<testsuite hostname="LAPTOP-4JR5SL1G" ignored="0" name="LicenseUpgrade" tests="5" failures="0" timestamp="2022-05-07T21:15:38 IST" time="29.681" errors="0">
  <testcase name="selectAccountSettings" time="5.278" classname="com.shakticoin.tests.LicenseUpgradeTest"/>
  <testcase name="upgradeLicense" time="5.301" classname="com.shakticoin.tests.LicenseUpgradeTest"/>
  <testcase name="fillAddressDetails" time="4.645" classname="com.shakticoin.tests.LicenseUpgradeTest"/>
  <testcase name="selectPaymentMethod" time="3.369" classname="com.shakticoin.tests.LicenseUpgradeTest"/>
  <testcase name="doPayment" time="10.957" classname="com.shakticoin.tests.LicenseUpgradeTest"/>
</testsuite> <!-- LicenseUpgrade -->
