<?xml version="1.0" encoding="UTF-8"?>
<!-- Generated by org.testng.reporters.JUnitXMLReporter -->
<testsuite hostname="LAPTOP-4JR5SL1G" ignored="0" name="LicenceCancellation" tests="2" failures="0" timestamp="2022-05-07T21:15:53 IST" time="15.288" errors="0">
  <testcase name="selectAccountSettings" time="6.023" classname="com.shakticoin.tests.LicenseCancellationTest"/>
  <testcase name="cancelLicence" time="5.856" classname="com.shakticoin.tests.LicenseCancellationTest"/>
</testsuite> <!-- LicenceCancellation -->
