<?xml version="1.0" encoding="UTF-8"?>
<!-- Generated by org.testng.reporters.JUnitXMLReporter -->
<testsuite ignored="0" hostname="DESKTOP-B58JVGG" failures="0" tests="12" name="OnBoard" time="45.043" errors="0" timestamp="2022-05-30T13:15:21 IST">
  <testcase classname="com.shakticoin.tests.OnBoardTest" name="verifySignupLinkTest" time="0.191"/>
  <testcase classname="com.shakticoin.tests.OnBoardTest" name="verifyLoginPageTitleTest" time="0.052"/>
  <testcase classname="com.shakticoin.tests.OnBoardTest" name="clickSignup" time="0.249"/>
  <testcase classname="com.shakticoin.tests.OnBoardTest" name="sendEmailOTP" time="7.901"/>
  <testcase classname="com.shakticoin.tests.OnBoardTest" name="validateEmailOTP" time="8.039"/>
  <testcase classname="com.shakticoin.tests.OnBoardTest" name="inputMobileNumber" time="0.002">
    <skipped/>
  </testcase> <!-- inputMobileNumber -->
  <testcase classname="com.shakticoin.tests.OnBoardTest" name="confirmMobile" time="0.62"/>
  <testcase classname="com.shakticoin.tests.OnBoardTest" name="validateMobile" time="8.05"/>
  <testcase classname="com.shakticoin.tests.OnBoardTest" name="login" time="2.32"/>
  <testcase classname="com.shakticoin.tests.OnBoardTest" name="setPassword" time="0.002">
    <skipped/>
  </testcase> <!-- setPassword -->
  <testcase classname="com.shakticoin.tests.OnBoardTest" name="setPin" time="0.001">
    <skipped/>
  </testcase> <!-- setPin -->
  <testcase classname="com.shakticoin.tests.OnBoardTest" name="confirmPassword" time="0.001">
    <skipped/>
  </testcase> <!-- confirmPassword -->
</testsuite> <!-- OnBoard -->
