<?xml version="1.0" encoding="UTF-8"?>
<!-- Generated by org.testng.reporters.JUnitXMLReporter -->
<testsuite ignored="0" hostname="DESKTOP-B58JVGG" failures="0" tests="3" name="PurchaseLicenseWithAmazonPay" time="120.517" errors="0" timestamp="2022-05-13T10:36:21 IST">
  <testcase classname="com.shakticoin.tests.PurchaseLicenseAmazonTest" name="purchaseLicense" time="36.595"/>
  <testcase classname="com.shakticoin.tests.PurchaseLicenseAmazonTest" name="purchaseLicense" time="42.41"/>
  <testcase classname="com.shakticoin.tests.PurchaseLicenseAmazonTest" name="purchaseLicense" time="41.359"/>
</testsuite> <!-- PurchaseLicenseWithAmazonPay -->
