<?xml version="1.0" encoding="UTF-8"?>
<testng-results ignored="0" total="1" passed="0" failed="1" skipped="0">
  <reporter-output>
  </reporter-output>
  <suite started-at="2022-06-01T09:24:04 IST" name="Default suite" finished-at="2022-06-01T09:24:52 IST" duration-ms="47705">
    <groups>
    </groups>
    <test started-at="2022-06-01T09:24:04 IST" name="Default test" finished-at="2022-06-01T09:24:52 IST" duration-ms="47705">
      <class name="com.shakticoin.tests.GuestLicensePurchaseTest">
        <test-method is-config="true" signature="setUp()[pri:0, instance:com.shakticoin.tests.GuestLicensePurchaseTest@26275bef]" started-at="2022-06-01T09:24:04 IST" name="setUp" finished-at="2022-06-01T09:24:25 IST" duration-ms="21079" status="PASS">
          <reporter-output>
          </reporter-output>
        </test-method> <!-- setUp -->
        <test-method signature="purchaseLicense(java.lang.String, java.lang.String, int)[pri:1, instance:com.shakticoin.tests.GuestLicensePurchaseTest@26275bef]" started-at="2022-06-01T09:24:25 IST" name="purchaseLicense" data-provider="getData" finished-at="2022-06-01T09:24:52 IST" duration-ms="26397" status="FAIL">
          <params>
            <param index="0">
              <value>
                <![CDATA[//p[normalize-space()='Basic Miner License']]]>
              </value>
            </param>
            <param index="1">
              <value>
                <![CDATA[//div[normalize-space()='weekly']]]>
              </value>
            </param>
            <param index="2">
              <value>
                <![CDATA[1]]>
              </value>
            </param>
          </params>
          <exception class="java.lang.IllegalArgumentException">
            <message>
              <![CDATA[Keys to send should be a not null CharSequence]]>
            </message>
            <full-stacktrace>
              <![CDATA[java.lang.IllegalArgumentException: Keys to send should be a not null CharSequence
at org.openqa.selenium.remote.RemoteWebElement.sendKeys(RemoteWebElement.java:97)
at com.shakticoin.utils.ElementUtil.doSendKeys(ElementUtil.java:58)
at com.shakticoin.pages.LicenseOrderSummaryPage.verifyOTP(LicenseOrderSummaryPage.java:71)
at com.shakticoin.pages.LicenseOrderSummaryPage.addressDetailsGuest(LicenseOrderSummaryPage.java:63)
at com.shakticoin.tests.GuestLicensePurchaseTest.purchaseLicense(GuestLicensePurchaseTest.java:46)
at java.base/jdk.internal.reflect.NativeMethodAccessorImpl.invoke0(Native Method)
at java.base/jdk.internal.reflect.NativeMethodAccessorImpl.invoke(NativeMethodAccessorImpl.java:77)
at java.base/jdk.internal.reflect.DelegatingMethodAccessorImpl.invoke(DelegatingMethodAccessorImpl.java:43)
at java.base/java.lang.reflect.Method.invoke(Method.java:568)
at org.testng.internal.MethodInvocationHelper.invokeMethod(MethodInvocationHelper.java:134)
at org.testng.internal.TestInvoker.invokeMethod(TestInvoker.java:597)
at org.testng.internal.TestInvoker.invokeTestMethod(TestInvoker.java:173)
at org.testng.internal.MethodRunner.runInSequence(MethodRunner.java:46)
at org.testng.internal.TestInvoker$MethodInvocationAgent.invoke(TestInvoker.java:816)
at org.testng.internal.TestInvoker.invokeTestMethods(TestInvoker.java:146)
at org.testng.internal.TestMethodWorker.invokeTestMethods(TestMethodWorker.java:146)
at org.testng.internal.TestMethodWorker.run(TestMethodWorker.java:128)
at java.base/java.util.ArrayList.forEach(ArrayList.java:1511)
at org.testng.TestRunner.privateRun(TestRunner.java:766)
at org.testng.TestRunner.run(TestRunner.java:587)
at org.testng.SuiteRunner.runTest(SuiteRunner.java:384)
at org.testng.SuiteRunner.runSequentially(SuiteRunner.java:378)
at org.testng.SuiteRunner.privateRun(SuiteRunner.java:337)
at org.testng.SuiteRunner.run(SuiteRunner.java:286)
at org.testng.SuiteRunnerWorker.runSuite(SuiteRunnerWorker.java:53)
at org.testng.SuiteRunnerWorker.run(SuiteRunnerWorker.java:96)
at org.testng.TestNG.runSuitesSequentially(TestNG.java:1187)
at org.testng.TestNG.runSuitesLocally(TestNG.java:1109)
at org.testng.TestNG.runSuites(TestNG.java:1039)
at org.testng.TestNG.run(TestNG.java:1007)
at org.testng.remote.AbstractRemoteTestNG.run(AbstractRemoteTestNG.java:115)
at org.testng.remote.RemoteTestNG.initAndRun(RemoteTestNG.java:251)
at org.testng.remote.RemoteTestNG.main(RemoteTestNG.java:77)
]]>
            </full-stacktrace>
          </exception> <!-- java.lang.IllegalArgumentException -->
          <reporter-output>
          </reporter-output>
        </test-method> <!-- purchaseLicense -->
        <test-method is-config="true" signature="close()[pri:0, instance:com.shakticoin.tests.GuestLicensePurchaseTest@26275bef]" started-at="2022-06-01T09:24:52 IST" name="close" finished-at="2022-06-01T09:24:52 IST" duration-ms="191" status="PASS">
          <reporter-output>
          </reporter-output>
        </test-method> <!-- close -->
      </class> <!-- com.shakticoin.tests.GuestLicensePurchaseTest -->
    </test> <!-- Default test -->
  </suite> <!-- Default suite -->
</testng-results>
