<?xml version="1.0" encoding="UTF-8"?>
<!-- Generated by org.testng.reporters.JUnitXMLReporter -->
<testsuite hostname="LAPTOP-4JR5SL1G" ignored="0" name="AddTrustedEmail" tests="6" failures="0" timestamp="2022-04-30T13:52:19 IST" time="20.905" errors="0">
  <testcase name="selectSetPassRecoveryOption" time="10.789" classname="com.shakticoin.tests.PassRecAddTrustedEmailTest"/>
  <testcase name="clickEmailVerification" time="0.279" classname="com.shakticoin.tests.PassRecAddTrustedEmailTest"/>
  <testcase name="clickAddtrustedEmailButton" time="0.181" classname="com.shakticoin.tests.PassRecAddTrustedEmailTest"/>
  <testcase name="sendEmailOTP" time="0.661" classname="com.shakticoin.tests.PassRecAddTrustedEmailTest"/>
  <testcase name="validateOTP" time="6.306" classname="com.shakticoin.tests.PassRecAddTrustedEmailTest"/>
  <testcase name="confirmPassowrd" time="2.645" classname="com.shakticoin.tests.PassRecAddTrustedEmailTest"/>
</testsuite> <!-- AddTrustedEmail -->
