<?xml version="1.0" encoding="UTF-8"?>
<!-- Generated by org.testng.reporters.JUnitXMLReporter -->
<testsuite hostname="LAPTOP-4JR5SL1G" ignored="0" name="AddTrustedMobile" tests="6" failures="0" timestamp="2022-05-05T18:36:54 IST" time="23.222" errors="0">
  <testcase name="selectSetPassRecoveryOption" time="12.23" classname="com.shakticoin.tests.PassRecAddTrustedMobileTest"/>
  <testcase name="clickSMSVerification" time="1.636" classname="com.shakticoin.tests.PassRecAddTrustedMobileTest"/>
  <testcase name="clickAddtrustedMobileButton" time="0.177" classname="com.shakticoin.tests.PassRecAddTrustedMobileTest"/>
  <testcase name="sendMobileOTP" time="0.703" classname="com.shakticoin.tests.PassRecAddTrustedMobileTest"/>
  <testcase name="validateOTP" time="6.152" classname="com.shakticoin.tests.PassRecAddTrustedMobileTest"/>
  <testcase name="confirmPassowrd" time="2.298" classname="com.shakticoin.tests.PassRecAddTrustedMobileTest"/>
</testsuite> <!-- AddTrustedMobile -->
