<?xml version="1.0" encoding="UTF-8"?>
<!-- Generated by org.testng.reporters.JUnitXMLReporter -->
<testsuite hostname="LAPTOP-4JR5SL1G" ignored="0" name="JoinSxe" tests="4" failures="0" timestamp="2022-05-06T23:01:07 IST" time="27.573" errors="0">
  <testcase name="clickJoinSXE" time="0.212" classname="com.shakticoin.tests.JoinSxeTest"/>
  <testcase name="sendEmailOTP" time="1.485" classname="com.shakticoin.tests.JoinSxeTest"/>
  <testcase name="verifyEmailOTP" time="8.468" classname="com.shakticoin.tests.JoinSxeTest"/>
  <testcase name="downloadScript" time="17.359" classname="com.shakticoin.tests.JoinSxeTest"/>
</testsuite> <!-- JoinSxe -->
