<?xml version="1.0" encoding="UTF-8"?>
<!-- Generated by org.testng.reporters.JUnitXMLReporter -->
<testsuite hostname="LAPTOP-4JR5SL1G" ignored="0" name="license" tests="15" failures="0" timestamp="2022-04-29T18:54:55 IST" time="387.268" errors="0">
  <testcase name="login" time="22.604" classname="com.shakticoin.tests.PurchaseLicenseTest"/>
  <testcase name="login" time="16.544" classname="com.shakticoin.tests.PurchaseLicenseTest"/>
  <testcase name="login" time="15.893" classname="com.shakticoin.tests.PurchaseLicenseTest"/>
  <testcase name="login" time="14.854" classname="com.shakticoin.tests.PurchaseLicenseTest"/>
  <testcase name="login" time="14.16" classname="com.shakticoin.tests.PurchaseLicenseTest"/>
  <testcase name="login" time="15.226" classname="com.shakticoin.tests.PurchaseLicenseTest"/>
  <testcase name="login" time="15.515" classname="com.shakticoin.tests.PurchaseLicenseTest"/>
  <testcase name="login" time="15.3" classname="com.shakticoin.tests.PurchaseLicenseTest"/>
  <testcase name="login" time="14.849" classname="com.shakticoin.tests.PurchaseLicenseTest"/>
  <testcase name="login" time="15.834" classname="com.shakticoin.tests.PurchaseLicenseTest"/>
  <testcase name="login" time="14.46" classname="com.shakticoin.tests.PurchaseLicenseTest"/>
  <testcase name="login" time="14.983" classname="com.shakticoin.tests.PurchaseLicenseTest"/>
  <testcase name="login" time="34.455" classname="com.shakticoin.tests.PurchaseLicenseTest"/>
  <testcase name="login" time="64.016" classname="com.shakticoin.tests.PurchaseLicenseTest"/>
  <testcase name="login" time="98.528" classname="com.shakticoin.tests.PurchaseLicenseTest"/>
</testsuite> <!-- license -->
