<?xml version="1.0" encoding="UTF-8"?>
<!-- Generated by org.testng.reporters.JUnitXMLReporter -->
<testsuite hostname="LAPTOP-4JR5SL1G" ignored="0" name="LicenceCancellation" tests="2" failures="0" timestamp="2022-05-06T23:06:16 IST" time="12.352" errors="0">
  <testcase name="selectAccountSettings" time="5.885" classname="com.shakticoin.tests.LicenseCancellationTest"/>
  <testcase name="cancelLicence" time="6.456" classname="com.shakticoin.tests.LicenseCancellationTest"/>
</testsuite> <!-- LicenceCancellation -->
