<?xml version="1.0" encoding="UTF-8"?>
<!-- Generated by org.testng.reporters.JUnitXMLReporter -->
<testsuite hostname="LAPTOP-4JR5SL1G" ignored="0" name="LoginTest1" tests="8" failures="0" timestamp="2022-04-28T22:50:40 IST" time="118.991" errors="0">
  <testcase name="verifySignupLinkTest" time="0.409" classname="com.shakticoin.tests.LandingPageTest"/>
  <testcase name="verifyLoginPageTitleTest" time="0.026" classname="com.shakticoin.tests.LandingPageTest"/>
  <testcase name="clickSignup" time="0.132" classname="com.shakticoin.tests.LandingPageTest"/>
  <testcase name="sendEmailOTP" time="53.418" classname="com.shakticoin.tests.RegSendEMailOTPPageTest"/>
  <testcase name="sendEmailOTP" time="14.03" classname="com.shakticoin.tests.RegValidateEmailOTPPageTest"/>
  <testcase name="confirmMobile" time="1.716" classname="com.shakticoin.tests.LoginConfirmMobilePageTest"/>
  <testcase name="validateMobile" time="8.88" classname="com.shakticoin.tests.RegValidateMobileOTPPageTest"/>
  <testcase name="login" time="3.447" classname="com.shakticoin.tests.LoginEnterPasswordPageTest"/>
</testsuite> <!-- LoginTest1 -->
