<?xml version="1.0" encoding="UTF-8"?>
<!-- Generated by org.testng.reporters.JUnitXMLReporter -->
<testsuite hostname="LAPTOP-4JR5SL1G" ignored="0" name="OnBoardTest" tests="12" failures="0" timestamp="2022-05-06T10:07:42 IST" time="191.729" errors="0">
  <testcase name="verifySignupLinkTest" time="106.261" classname="com.shakticoin.tests.OnBoardTest"/>
  <testcase name="verifyLoginPageTitleTest" time="0.252" classname="com.shakticoin.tests.OnBoardTest"/>
  <testcase name="clickSignup" time="0.425" classname="com.shakticoin.tests.OnBoardTest"/>
  <testcase name="sendEmailOTP" time="6.171" classname="com.shakticoin.tests.OnBoardTest"/>
  <testcase name="validateEmailOTP" time="8.169" classname="com.shakticoin.tests.OnBoardTest"/>
  <testcase name="inputMobileNumber" time="0.001" classname="com.shakticoin.tests.OnBoardTest">
    <skipped/>
  </testcase> <!-- inputMobileNumber -->
  <testcase name="confirmMobile" time="0.714" classname="com.shakticoin.tests.OnBoardTest"/>
  <testcase name="validateMobile" time="10.001" classname="com.shakticoin.tests.OnBoardTest"/>
  <testcase name="login" time="3.425" classname="com.shakticoin.tests.OnBoardTest"/>
  <testcase name="setPassword" time="0.001" classname="com.shakticoin.tests.OnBoardTest">
    <skipped/>
  </testcase> <!-- setPassword -->
  <testcase name="setPin" time="0.0" classname="com.shakticoin.tests.OnBoardTest">
    <skipped/>
  </testcase> <!-- setPin -->
  <testcase name="confirmPassword" time="0.001" classname="com.shakticoin.tests.OnBoardTest">
    <skipped/>
  </testcase> <!-- confirmPassword -->
</testsuite> <!-- OnBoardTest -->
