<?xml version="1.0" encoding="UTF-8"?>
<!-- Generated by org.testng.reporters.JUnitXMLReporter -->
<testsuite hostname="LAPTOP-4JR5SL1G" ignored="0" name="PurchaseLicense" tests="3" failures="0" timestamp="2022-05-06T22:33:13 IST" time="69.158" errors="0">
  <testcase name="purchaseLicense" time="24.387" classname="com.shakticoin.tests.PurchaseLicenseTest"/>
  <testcase name="purchaseLicense" time="23.161" classname="com.shakticoin.tests.PurchaseLicenseTest"/>
  <testcase name="purchaseLicense" time="21.56" classname="com.shakticoin.tests.PurchaseLicenseTest"/>
</testsuite> <!-- PurchaseLicense -->
